Analysis & Synthesis report for P1
Wed Sep 22 11:03:14 2021
Quartus II Version 9.1 Build 350 03/24/2010 Service Pack 2 SJ Web Edition


---------------------
; Table of Contents ;
---------------------
  1. Legal Notice
  2. Analysis & Synthesis Summary
  3. Analysis & Synthesis Settings
  4. Parallel Compilation
  5. Analysis & Synthesis Source Files Read
  6. Analysis & Synthesis Resource Usage Summary
  7. Analysis & Synthesis Resource Utilization by Entity
  8. State Machine - |Vhdl2|state
  9. State Machine - |Vhdl2|i2c_master:i2c_inst|state
 10. Registers Removed During Synthesis
 11. Removed Registers Triggering Further Register Optimizations
 12. General Register Statistics
 13. Parameter Settings for User Entity Instance: i2c_master:i2c_inst
 14. Port Connectivity Checks: "i2c_master:i2c_inst"
 15. Analysis & Synthesis Messages



----------------
; Legal Notice ;
----------------
Copyright (C) 1991-2010 Altera Corporation
Your use of Altera Corporation's design tools, logic functions 
and other software and tools, and its AMPP partner logic 
functions, and any output files from any of the foregoing 
(including device programming or simulation files), and any 
associated documentation or information are expressly subject 
to the terms and conditions of the Altera Program License 
Subscription Agreement, Altera MegaCore Function License 
Agreement, or other applicable license agreement, including, 
without limitation, that your use is for the sole purpose of 
programming logic devices manufactured by Altera and sold by 
Altera or its authorized distributors.  Please refer to the 
applicable agreement for further details.



+----------------------------------------------------------------------------+
; Analysis & Synthesis Summary                                               ;
+-----------------------------+----------------------------------------------+
; Analysis & Synthesis Status ; Successful - Wed Sep 22 11:03:14 2021        ;
; Quartus II Version          ; 9.1 Build 350 03/24/2010 SP 2 SJ Web Edition ;
; Revision Name               ; P1                                           ;
; Top-level Entity Name       ; Vhdl2                                        ;
; Family                      ; MAX II                                       ;
; Total logic elements        ; 0                                            ;
; Total pins                  ; 4                                            ;
; Total virtual pins          ; 0                                            ;
; UFM blocks                  ; 0 / 1 ( 0 % )                                ;
+-----------------------------+----------------------------------------------+


+----------------------------------------------------------------------------------------------------------------------+
; Analysis & Synthesis Settings                                                                                        ;
+----------------------------------------------------------------------------+--------------------+--------------------+
; Option                                                                     ; Setting            ; Default Value      ;
+----------------------------------------------------------------------------+--------------------+--------------------+
; Device                                                                     ; EPM2210F324I5      ;                    ;
; Top-level entity name                                                      ; Vhdl2              ; P1                 ;
; Family name                                                                ; MAX II             ; Stratix II         ;
; Use Generated Physical Constraints File                                    ; Off                ;                    ;
; Use smart compilation                                                      ; Off                ; Off                ;
; Enable parallel Assembler and TimeQuest Timing Analyzer during compilation ; On                 ; On                 ;
; Enable compact report table                                                ; Off                ; Off                ;
; Restructure Multiplexers                                                   ; Auto               ; Auto               ;
; Create Debugging Nodes for IP Cores                                        ; Off                ; Off                ;
; Preserve fewer node names                                                  ; On                 ; On                 ;
; Disable OpenCore Plus hardware evaluation                                  ; Off                ; Off                ;
; Verilog Version                                                            ; Verilog_2001       ; Verilog_2001       ;
; VHDL Version                                                               ; VHDL_1993          ; VHDL_1993          ;
; State Machine Processing                                                   ; Auto               ; Auto               ;
; Safe State Machine                                                         ; Off                ; Off                ;
; Extract Verilog State Machines                                             ; On                 ; On                 ;
; Extract VHDL State Machines                                                ; On                 ; On                 ;
; Ignore Verilog initial constructs                                          ; Off                ; Off                ;
; Iteration limit for constant Verilog loops                                 ; 5000               ; 5000               ;
; Iteration limit for non-constant Verilog loops                             ; 250                ; 250                ;
; Add Pass-Through Logic to Inferred RAMs                                    ; On                 ; On                 ;
; Parallel Synthesis                                                         ; On                 ; On                 ;
; NOT Gate Push-Back                                                         ; On                 ; On                 ;
; Power-Up Don't Care                                                        ; On                 ; On                 ;
; Remove Redundant Logic Cells                                               ; Off                ; Off                ;
; Remove Duplicate Registers                                                 ; On                 ; On                 ;
; Ignore CARRY Buffers                                                       ; Off                ; Off                ;
; Ignore CASCADE Buffers                                                     ; Off                ; Off                ;
; Ignore GLOBAL Buffers                                                      ; Off                ; Off                ;
; Ignore ROW GLOBAL Buffers                                                  ; Off                ; Off                ;
; Ignore LCELL Buffers                                                       ; Off                ; Off                ;
; Ignore SOFT Buffers                                                        ; On                 ; On                 ;
; Limit AHDL Integers to 32 Bits                                             ; Off                ; Off                ;
; Optimization Technique                                                     ; Balanced           ; Balanced           ;
; Carry Chain Length                                                         ; 70                 ; 70                 ;
; Auto Carry Chains                                                          ; On                 ; On                 ;
; Auto Open-Drain Pins                                                       ; On                 ; On                 ;
; Perform WYSIWYG Primitive Resynthesis                                      ; Off                ; Off                ;
; Auto Shift Register Replacement                                            ; Auto               ; Auto               ;
; Auto Clock Enable Replacement                                              ; On                 ; On                 ;
; Allow Synchronous Control Signals                                          ; On                 ; On                 ;
; Force Use of Synchronous Clear Signals                                     ; Off                ; Off                ;
; Auto Resource Sharing                                                      ; Off                ; Off                ;
; Use LogicLock Constraints during Resource Balancing                        ; On                 ; On                 ;
; Ignore translate_off and synthesis_off directives                          ; Off                ; Off                ;
; Show Parameter Settings Tables in Synthesis Report                         ; On                 ; On                 ;
; Ignore Maximum Fan-Out Assignments                                         ; Off                ; Off                ;
; Synchronization Register Chain Length                                      ; 2                  ; 2                  ;
; PowerPlay Power Optimization                                               ; Normal compilation ; Normal compilation ;
; HDL message level                                                          ; Level2             ; Level2             ;
; Suppress Register Optimization Related Messages                            ; Off                ; Off                ;
; Number of Removed Registers Reported in Synthesis Report                   ; 5000               ; 5000               ;
; Number of Inverted Registers Reported in Synthesis Report                  ; 100                ; 100                ;
; Clock MUX Protection                                                       ; On                 ; On                 ;
; Block Design Naming                                                        ; Auto               ; Auto               ;
; Synthesis Effort                                                           ; Auto               ; Auto               ;
; Shift Register Replacement - Allow Asynchronous Clear Signal               ; On                 ; On                 ;
; Analysis & Synthesis Message Level                                         ; Medium             ; Medium             ;
; Disable Register Merging Across Hierarchies                                ; Auto               ; Auto               ;
+----------------------------------------------------------------------------+--------------------+--------------------+


Parallel compilation was disabled, but you have multiple processors available. Enable parallel compilation to reduce compilation time.
+-------------------------------------+
; Parallel Compilation                ;
+----------------------------+--------+
; Processors                 ; Number ;
+----------------------------+--------+
; Number detected on machine ; 6      ;
; Maximum allowed            ; 1      ;
+----------------------------+--------+


+------------------------------------------------------------------------------------------------------------------+
; Analysis & Synthesis Source Files Read                                                                           ;
+----------------------------------+-----------------+-----------------+-------------------------------------------+
; File Name with User-Entered Path ; Used in Netlist ; File Type       ; File Name with Absolute Path              ;
+----------------------------------+-----------------+-----------------+-------------------------------------------+
; i2c_master.vhd                   ; yes             ; User VHDL File  ; C:/Users/user/Desktop/TEST/i2c_master.vhd ;
; Vhdl2.vhd                        ; yes             ; User VHDL File  ; C:/Users/user/Desktop/TEST/Vhdl2.vhd      ;
+----------------------------------+-----------------+-----------------+-------------------------------------------+


+-----------------------------------------------------+
; Analysis & Synthesis Resource Usage Summary         ;
+---------------------------------------------+-------+
; Resource                                    ; Usage ;
+---------------------------------------------+-------+
; Total logic elements                        ; 0     ;
;     -- Combinational with no register       ; 0     ;
;     -- Register only                        ; 0     ;
;     -- Combinational with a register        ; 0     ;
;                                             ;       ;
; Logic element usage by number of LUT inputs ;       ;
;     -- 4 input functions                    ; 0     ;
;     -- 3 input functions                    ; 0     ;
;     -- 2 input functions                    ; 0     ;
;     -- 1 input functions                    ; 0     ;
;     -- 0 input functions                    ; 0     ;
;                                             ;       ;
; Logic elements by mode                      ;       ;
;     -- normal mode                          ; 0     ;
;     -- arithmetic mode                      ; 0     ;
;     -- qfbk mode                            ; 0     ;
;     -- register cascade mode                ; 0     ;
;     -- synchronous clear/load mode          ; 0     ;
;     -- asynchronous clear/load mode         ; 0     ;
;                                             ;       ;
; Total registers                             ; 0     ;
; I/O pins                                    ; 4     ;
+---------------------------------------------+-------+


+----------------------------------------------------------------------------------------------------------------------------------------------------------------------------------------------------------------------+
; Analysis & Synthesis Resource Utilization by Entity                                                                                                                                                                  ;
+----------------------------+-------------+--------------+------------+------+--------------+--------------+-------------------+------------------+-----------------+------------+---------------------+--------------+
; Compilation Hierarchy Node ; Logic Cells ; LC Registers ; UFM Blocks ; Pins ; Virtual Pins ; LUT-Only LCs ; Register-Only LCs ; LUT/Register LCs ; Carry Chain LCs ; Packed LCs ; Full Hierarchy Name ; Library Name ;
+----------------------------+-------------+--------------+------------+------+--------------+--------------+-------------------+------------------+-----------------+------------+---------------------+--------------+
; |Vhdl2                     ; 0 (0)       ; 0            ; 0          ; 4    ; 0            ; 0 (0)        ; 0 (0)             ; 0 (0)            ; 0 (0)           ; 0 (0)      ; |Vhdl2              ; work         ;
+----------------------------+-------------+--------------+------------+------+--------------+--------------+-------------------+------------------+-----------------+------------+---------------------+--------------+
Note: For table entries with two numbers listed, the numbers in parentheses indicate the number of resources of the given type used by the specific entity alone. The numbers listed outside of parentheses indicate the total resources of the given type used by the specific entity and all of its sub-entities in the hierarchy.


Encoding Type:  One-Hot
+---------------------------------------------------------------------------------------------------------------------------+
; State Machine - |Vhdl2|state                                                                                              ;
+------------------------+----------------+----------------+------------------------+-------------------+-------------------+
; Name                   ; state.i2c_stop ; state.i2c_read ; state.i2c_restart_addr ; state.i2c_restart ; state.i2c_address ;
+------------------------+----------------+----------------+------------------------+-------------------+-------------------+
; state.i2c_address      ; 0              ; 0              ; 0                      ; 0                 ; 0                 ;
; state.i2c_restart      ; 0              ; 0              ; 0                      ; 1                 ; 1                 ;
; state.i2c_restart_addr ; 0              ; 0              ; 1                      ; 0                 ; 1                 ;
; state.i2c_read         ; 0              ; 1              ; 0                      ; 0                 ; 1                 ;
; state.i2c_stop         ; 1              ; 0              ; 0                      ; 0                 ; 1                 ;
+------------------------+----------------+----------------+------------------------+-------------------+-------------------+


Encoding Type:  One-Hot
+--------------------------------------------------------------------------------------------------------------------------------------------------+
; State Machine - |Vhdl2|i2c_master:i2c_inst|state                                                                                                 ;
+----------------+------------+----------------+----------------+----------+----------+----------------+---------------+-------------+-------------+
; Name           ; state.stop ; state.mstr_ack ; state.slv_ack2 ; state.rd ; state.wr ; state.slv_ack1 ; state.command ; state.start ; state.ready ;
+----------------+------------+----------------+----------------+----------+----------+----------------+---------------+-------------+-------------+
; state.ready    ; 0          ; 0              ; 0              ; 0        ; 0        ; 0              ; 0             ; 0           ; 0           ;
; state.start    ; 0          ; 0              ; 0              ; 0        ; 0        ; 0              ; 0             ; 1           ; 1           ;
; state.command  ; 0          ; 0              ; 0              ; 0        ; 0        ; 0              ; 1             ; 0           ; 1           ;
; state.slv_ack1 ; 0          ; 0              ; 0              ; 0        ; 0        ; 1              ; 0             ; 0           ; 1           ;
; state.wr       ; 0          ; 0              ; 0              ; 0        ; 1        ; 0              ; 0             ; 0           ; 1           ;
; state.rd       ; 0          ; 0              ; 0              ; 1        ; 0        ; 0              ; 0             ; 0           ; 1           ;
; state.slv_ack2 ; 0          ; 0              ; 1              ; 0        ; 0        ; 0              ; 0             ; 0           ; 1           ;
; state.mstr_ack ; 0          ; 1              ; 0              ; 0        ; 0        ; 0              ; 0             ; 0           ; 1           ;
; state.stop     ; 1          ; 0              ; 0              ; 0        ; 0        ; 0              ; 0             ; 0           ; 1           ;
+----------------+------------+----------------+----------------+----------+----------+----------------+---------------+-------------+-------------+


+--------------------------------------------------------------------------------------+
; Registers Removed During Synthesis                                                   ;
+----------------------------------------+---------------------------------------------+
; Register name                          ; Reason for Removal                          ;
+----------------------------------------+---------------------------------------------+
; reset                                  ; Stuck at GND due to stuck port data_in      ;
; i2c_master:i2c_inst|count[0..6]        ; Stuck at GND due to stuck port clear        ;
; i2c_master:i2c_inst|stretch            ; Stuck at GND due to stuck port clear        ;
; i2c_master:i2c_inst|data_clk_prev      ; Stuck at GND due to stuck port clock_enable ;
; i2c_master:i2c_inst|scl_clk            ; Stuck at GND due to stuck port clock_enable ;
; i2c_master:i2c_inst|data_clk           ; Stuck at GND due to stuck port clock_enable ;
; i2c_master:i2c_inst|scl_ena            ; Stuck at GND due to stuck port clear        ;
; i2c_master:i2c_inst|sda_int            ; Stuck at VCC due to stuck port preset       ;
; i2c_master:i2c_inst|bit_cnt[0..2]      ; Stuck at VCC due to stuck port preset       ;
; i2c_master:i2c_inst|addr_rw[0..7]      ; Stuck at GND due to stuck port clock_enable ;
; i2c_master:i2c_inst|data_tx[0..7]      ; Stuck at GND due to stuck port clock_enable ;
; i2c_master:i2c_inst|state.ready        ; Stuck at GND due to stuck port clear        ;
; i2c_master:i2c_inst|state.start        ; Stuck at GND due to stuck port clear        ;
; i2c_master:i2c_inst|state.command      ; Stuck at GND due to stuck port clear        ;
; i2c_master:i2c_inst|state.slv_ack1     ; Stuck at GND due to stuck port clear        ;
; i2c_master:i2c_inst|state.wr           ; Stuck at GND due to stuck port clear        ;
; i2c_master:i2c_inst|state.rd           ; Stuck at GND due to stuck port clear        ;
; i2c_master:i2c_inst|state.slv_ack2     ; Stuck at GND due to stuck port clear        ;
; i2c_master:i2c_inst|state.mstr_ack     ; Stuck at GND due to stuck port clear        ;
; i2c_master:i2c_inst|state.stop         ; Stuck at GND due to stuck port clear        ;
; state.i2c_address                      ; Lost fanout                                 ;
; state.i2c_restart                      ; Lost fanout                                 ;
; state.i2c_restart_addr                 ; Lost fanout                                 ;
; state.i2c_read                         ; Lost fanout                                 ;
; state.i2c_stop                         ; Lost fanout                                 ;
; Total Number of Removed Registers = 47 ;                                             ;
+----------------------------------------+---------------------------------------------+


+-------------------------------------------------------------------------------------------------------------+
; Removed Registers Triggering Further Register Optimizations                                                 ;
+---------------+---------------------------+-----------------------------------------------------------------+
; Register name ; Reason for Removal        ; Registers Removed due to This Register                          ;
+---------------+---------------------------+-----------------------------------------------------------------+
; reset         ; Stuck at GND              ; i2c_master:i2c_inst|count[6], i2c_master:i2c_inst|count[5],     ;
;               ; due to stuck port data_in ; i2c_master:i2c_inst|count[4], i2c_master:i2c_inst|count[3],     ;
;               ;                           ; i2c_master:i2c_inst|count[2], i2c_master:i2c_inst|count[1],     ;
;               ;                           ; i2c_master:i2c_inst|count[0], i2c_master:i2c_inst|stretch,      ;
;               ;                           ; i2c_master:i2c_inst|data_clk_prev, i2c_master:i2c_inst|scl_clk, ;
;               ;                           ; i2c_master:i2c_inst|data_clk, i2c_master:i2c_inst|scl_ena,      ;
;               ;                           ; i2c_master:i2c_inst|sda_int, i2c_master:i2c_inst|bit_cnt[2],    ;
;               ;                           ; i2c_master:i2c_inst|bit_cnt[1], i2c_master:i2c_inst|bit_cnt[0]  ;
+---------------+---------------------------+-----------------------------------------------------------------+


+------------------------------------------------------+
; General Register Statistics                          ;
+----------------------------------------------+-------+
; Statistic                                    ; Value ;
+----------------------------------------------+-------+
; Total registers                              ; 0     ;
; Number of registers using Synchronous Clear  ; 0     ;
; Number of registers using Synchronous Load   ; 0     ;
; Number of registers using Asynchronous Clear ; 0     ;
; Number of registers using Asynchronous Load  ; 0     ;
; Number of registers using Clock Enable       ; 0     ;
; Number of registers using Preset             ; 0     ;
+----------------------------------------------+-------+


+------------------------------------------------------------------+
; Parameter Settings for User Entity Instance: i2c_master:i2c_inst ;
+----------------+----------+--------------------------------------+
; Parameter Name ; Value    ; Type                                 ;
+----------------+----------+--------------------------------------+
; input_clk      ; 50000000 ; Signed Integer                       ;
; bus_clk        ; 400000   ; Signed Integer                       ;
+----------------+----------+--------------------------------------+
Note: In order to hide this table in the UI and the text report file, please set the "Show Parameter Settings Tables in Synthesis Report" option in "Analysis and Synthesis Settings -> More Settings" to "Off".


+----------------------------------------------------------------------------------------------------------------------+
; Port Connectivity Checks: "i2c_master:i2c_inst"                                                                      ;
+------------+--------+----------+-------------------------------------------------------------------------------------+
; Port       ; Type   ; Severity ; Details                                                                             ;
+------------+--------+----------+-------------------------------------------------------------------------------------+
; addr[5..4] ; Input  ; Info     ; Stuck at GND                                                                        ;
; addr[2..0] ; Input  ; Info     ; Stuck at GND                                                                        ;
; addr[6]    ; Input  ; Info     ; Stuck at VCC                                                                        ;
; addr[3]    ; Input  ; Info     ; Stuck at VCC                                                                        ;
; busy       ; Output ; Info     ; Connected to dangling logic. Logic that only feeds a dangling port will be removed. ;
; data_rd    ; Output ; Info     ; Connected to dangling logic. Logic that only feeds a dangling port will be removed. ;
; ack_error  ; Output ; Info     ; Connected to dangling logic. Logic that only feeds a dangling port will be removed. ;
+------------+--------+----------+-------------------------------------------------------------------------------------+


+-------------------------------+
; Analysis & Synthesis Messages ;
+-------------------------------+
Info: *******************************************************************
Info: Running Quartus II Analysis & Synthesis
    Info: Version 9.1 Build 350 03/24/2010 Service Pack 2 SJ Web Edition
    Info: Processing started: Wed Sep 22 11:03:13 2021
Info: Command: quartus_map --read_settings_files=on --write_settings_files=off P1 -c P1
Info: Found 2 design units, including 1 entities, in source file i2c_master.vhd
    Info: Found design unit 1: i2c_master-logic
    Info: Found entity 1: i2c_master
Info: Found 2 design units, including 1 entities, in source file p1.vhd
    Info: Found design unit 1: P1-first
    Info: Found entity 1: P1
Info: Found 2 design units, including 1 entities, in source file p2.vhd
    Info: Found design unit 1: P2-first
    Info: Found entity 1: P2
Info: Found 2 design units, including 1 entities, in source file p3.vhd
    Info: Found design unit 1: P3-first
    Info: Found entity 1: P3
Info: Found 2 design units, including 1 entities, in source file vhdl2.vhd
    Info: Found design unit 1: Vhdl2-first
    Info: Found entity 1: Vhdl2
Info: Elaborating entity "Vhdl2" for the top level hierarchy
Warning (10036): Verilog HDL or VHDL warning at Vhdl2.vhd(15): object "data_read" assigned a value but never read
Warning (10541): VHDL Signal Declaration warning at Vhdl2.vhd(15): used implicit default value for signal "data_write" because signal was never assigned a value or an explicit default value. Use of implicit default value may introduce unintended design optimizations.
Warning (10036): Verilog HDL or VHDL warning at Vhdl2.vhd(19): object "error" assigned a value but never read
Warning (10492): VHDL Process Statement warning at Vhdl2.vhd(30): signal "prev1" is read inside the Process Statement but isn't in the Process Statement's sensitivity list
Warning (10492): VHDL Process Statement warning at Vhdl2.vhd(31): signal "prev1" is read inside the Process Statement but isn't in the Process Statement's sensitivity list
Warning (10492): VHDL Process Statement warning at Vhdl2.vhd(31): signal "prev2" is read inside the Process Statement but isn't in the Process Statement's sensitivity list
Warning (10631): VHDL Process Statement warning at Vhdl2.vhd(27): inferring latch(es) for signal or variable "i2c_done", which holds its previous value in one or more paths through the process
Warning (10631): VHDL Process Statement warning at Vhdl2.vhd(27): inferring latch(es) for signal or variable "i2c_accept", which holds its previous value in one or more paths through the process
Warning (10631): VHDL Process Statement warning at Vhdl2.vhd(58): inferring latch(es) for signal or variable "scl_out", which holds its previous value in one or more paths through the process
Warning (10631): VHDL Process Statement warning at Vhdl2.vhd(58): inferring latch(es) for signal or variable "sda_out", which holds its previous value in one or more paths through the process
Info (10041): Inferred latch for "sda_out" at Vhdl2.vhd(58)
Info (10041): Inferred latch for "scl_out" at Vhdl2.vhd(58)
Info (10041): Inferred latch for "i2c_accept" at Vhdl2.vhd(27)
Info (10041): Inferred latch for "i2c_done" at Vhdl2.vhd(27)
Info: Elaborating entity "i2c_master" using architecture "A:logic" for hierarchy "i2c_master:i2c_inst"
Warning: Removed fan-outs from the following always-disabled I/O buffers
    Warning: Removed fan-out from the always-disabled I/O buffer "sda_out" to the node "sda_out"
    Warning: Removed fan-out from the always-disabled I/O buffer "scl_out" to the node "scl_out"
Info: 5 registers lost all their fanouts during netlist optimizations. The first 5 are displayed below.
    Info: Register "state.i2c_address" lost all its fanouts during netlist optimizations.
    Info: Register "state.i2c_restart" lost all its fanouts during netlist optimizations.
    Info: Register "state.i2c_restart_addr" lost all its fanouts during netlist optimizations.
    Info: Register "state.i2c_read" lost all its fanouts during netlist optimizations.
    Info: Register "state.i2c_stop" lost all its fanouts during netlist optimizations.
Warning: Design contains 2 input pin(s) that do not drive logic
    Warning (15610): No output dependent on input pin "clk"
    Warning (15610): No output dependent on input pin "reset_n"
Info: Implemented 4 device resources after synthesis - the final resource count might be different
    Info: Implemented 2 input pins
    Info: Implemented 0 output pins
    Info: Implemented 2 bidirectional pins
Info: Quartus II Analysis & Synthesis was successful. 0 errors, 16 warnings
    Info: Peak virtual memory: 241 megabytes
    Info: Processing ended: Wed Sep 22 11:03:14 2021
    Info: Elapsed time: 00:00:01
    Info: Total CPU time (on all processors): 00:00:02


